# JRE version: OpenJDK Runtime Environment Microsoft-8035246 (17.0.8+7) (build 17.0.8+7-LTS)
# Java VM: OpenJDK 64-Bit Server VM Microsoft-8035246 (17.0.8+7-LTS, mixed mode, sharing, tiered, compressed oops, compressed class ptrs, g1 gc, windows-amd64)
GC Precious Log:
 CPUs: 8 total, 8 available
 Memory: 16167M
 Large Page Support: Disabled
 NUMA Support: Disabled
 Compressed Oops: Enabled (32-bit)
 Heap Region Size: 1M
 Heap Min Capacity: 8M
 Heap Initial Capacity: 254M
 Heap Max Capacity: 2G
 Pre-touch: Disabled
 Parallel Workers: 8
 Concurrent Workers: 2
 Concurrent Refinement Workers: 8
 Periodic GC: Disabled
Heap:
 garbage-first heap   total 225280K, used 175003K [0x0000000080000000, 0x0000000100000000)
  region size 1024K, 74 young (75776K), 3 survivors (3072K)
 Metaspace       used 82829K, committed 83840K, reserved 557056K
  class space    used 11608K, committed 12096K, reserved 425984K
GC Heap History (20 events):
Event: 21.564 GC heap before
{Heap before GC invocations=29 (full 0):
 garbage-first heap   total 136192K, used 109254K [0x0000000080000000, 0x0000000100000000)
  region size 1024K, 37 young (37888K), 1 survivors (1024K)
 Metaspace       used 76964K, committed 77888K, reserved 557056K
  class space    used 10817K, committed 11264K, reserved 425984K
}
Event: 21.572 GC heap after
{Heap after GC invocations=30 (full 0):
 garbage-first heap   total 163840K, used 75424K [0x0000000080000000, 0x0000000100000000)
  region size 1024K, 4 young (4096K), 4 survivors (4096K)
 Metaspace       used 76964K, committed 77888K, reserved 557056K
  class space    used 10817K, committed 11264K, reserved 425984K
}
Event: 22.971 GC heap before
{Heap before GC invocations=31 (full 0):
 garbage-first heap   total 163840K, used 130720K [0x0000000080000000, 0x0000000100000000)
  region size 1024K, 59 young (60416K), 4 survivors (4096K)
 Metaspace       used 79424K, committed 80384K, reserved 557056K
  class space    used 11246K, committed 11712K, reserved 425984K
}
Event: 22.983 GC heap after
{Heap after GC invocations=32 (full 0):
 garbage-first heap   total 163840K, used 83339K [0x0000000080000000, 0x0000000100000000)
  region size 1024K, 8 young (8192K), 8 survivors (8192K)
 Metaspace       used 79424K, committed 80384K, reserved 557056K
  class space    used 11246K, committed 11712K, reserved 425984K
}
Event: 23.114 GC heap before
{Heap before GC invocations=32 (full 0):
 garbage-first heap   total 163840K, used 84363K [0x0000000080000000, 0x0000000100000000)
  region size 1024K, 9 young (9216K), 8 survivors (8192K)
 Metaspace       used 79467K, committed 80448K, reserved 557056K
  class space    used 11246K, committed 11712K, reserved 425984K
}
Event: 23.124 GC heap after
{Heap after GC invocations=33 (full 0):
 garbage-first heap   total 163840K, used 83881K [0x0000000080000000, 0x0000000100000000)
  region size 1024K, 2 young (2048K), 2 survivors (2048K)
 Metaspace       used 79467K, committed 80448K, reserved 557056K
  class space    used 11246K, committed 11712K, reserved 425984K
}
Event: 27.244 GC heap before
{Heap before GC invocations=33 (full 0):
 garbage-first heap   total 163840K, used 130985K [0x0000000080000000, 0x0000000100000000)
  region size 1024K, 48 young (49152K), 2 survivors (2048K)
 Metaspace       used 81319K, committed 82304K, reserved 557056K
  class space    used 11474K, committed 11904K, reserved 425984K
}
Event: 27.251 GC heap after
{Heap after GC invocations=34 (full 0):
 garbage-first heap   total 163840K, used 88355K [0x0000000080000000, 0x0000000100000000)
  region size 1024K, 6 young (6144K), 6 survivors (6144K)
 Metaspace       used 81319K, committed 82304K, reserved 557056K
  class space    used 11474K, committed 11904K, reserved 425984K
}
Event: 28.245 GC heap before
{Heap before GC invocations=34 (full 0):
 garbage-first heap   total 163840K, used 131363K [0x0000000080000000, 0x0000000100000000)
  region size 1024K, 48 young (49152K), 6 survivors (6144K)
 Metaspace       used 81604K, committed 82624K, reserved 557056K
  class space    used 11498K, committed 11968K, reserved 425984K
}
Event: 28.253 GC heap after
{Heap after GC invocations=35 (full 0):
 garbage-first heap   total 163840K, used 91144K [0x0000000080000000, 0x0000000100000000)
  region size 1024K, 5 young (5120K), 5 survivors (5120K)
 Metaspace       used 81604K, committed 82624K, reserved 557056K
  class space    used 11498K, committed 11968K, reserved 425984K
}
Event: 29.011 GC heap before
{Heap before GC invocations=35 (full 0):
 garbage-first heap   total 163840K, used 132104K [0x0000000080000000, 0x0000000100000000)
  region size 1024K, 45 young (46080K), 5 survivors (5120K)
 Metaspace       used 81996K, committed 83008K, reserved 557056K
  class space    used 11538K, committed 12032K, reserved 425984K
}
Event: 29.047 GC heap after
{Heap after GC invocations=36 (full 0):
 garbage-first heap   total 163840K, used 92907K [0x0000000080000000, 0x0000000100000000)
  region size 1024K, 4 young (4096K), 4 survivors (4096K)
 Metaspace       used 81996K, committed 83008K, reserved 557056K
  class space    used 11538K, committed 12032K, reserved 425984K
}
Event: 30.258 GC heap before
{Heap before GC invocations=36 (full 0):
 garbage-first heap   total 163840K, used 132843K [0x0000000080000000, 0x0000000100000000)
  region size 1024K, 43 young (44032K), 4 survivors (4096K)
 Metaspace       used 82655K, committed 83712K, reserved 557056K
  class space    used 11601K, committed 12096K, reserved 425984K
}
Event: 30.269 GC heap after
{Heap after GC invocations=37 (full 0):
 garbage-first heap   total 163840K, used 98507K [0x0000000080000000, 0x0000000100000000)
  region size 1024K, 6 young (6144K), 6 survivors (6144K)
 Metaspace       used 82655K, committed 83712K, reserved 557056K
  class space    used 11601K, committed 12096K, reserved 425984K
}
Event: 30.668 GC heap before
{Heap before GC invocations=37 (full 0):
 garbage-first heap   total 163840K, used 132299K [0x0000000080000000, 0x0000000100000000)
  region size 1024K, 40 young (40960K), 6 survivors (6144K)
 Metaspace       used 82799K, committed 83840K, reserved 557056K
  class space    used 11607K, committed 12096K, reserved 425984K
}
Event: 30.679 GC heap after
{Heap after GC invocations=38 (full 0):
 garbage-first heap   total 163840K, used 102551K [0x0000000080000000, 0x0000000100000000)
  region size 1024K, 5 young (5120K), 5 survivors (5120K)
 Metaspace       used 82799K, committed 83840K, reserved 557056K
  class space    used 11607K, committed 12096K, reserved 425984K
}
Event: 30.959 GC heap before
{Heap before GC invocations=38 (full 0):
 garbage-first heap   total 163840K, used 133271K [0x0000000080000000, 0x0000000100000000)
  region size 1024K, 36 young (36864K), 5 survivors (5120K)
 Metaspace       used 82822K, committed 83840K, reserved 557056K
  class space    used 11607K, committed 12096K, reserved 425984K
}
Event: 30.964 GC heap after
{Heap after GC invocations=39 (full 0):
 garbage-first heap   total 163840K, used 104003K [0x0000000080000000, 0x0000000100000000)
  region size 1024K, 4 young (4096K), 4 survivors (4096K)
 Metaspace       used 82822K, committed 83840K, reserved 557056K
  class space    used 11607K, committed 12096K, reserved 425984K
}
Event: 31.293 GC heap before
{Heap before GC invocations=39 (full 0):
 garbage-first heap   total 163840K, used 134723K [0x0000000080000000, 0x0000000100000000)
  region size 1024K, 35 young (35840K), 4 survivors (4096K)
 Metaspace       used 82828K, committed 83840K, reserved 557056K
  class space    used 11608K, committed 12096K, reserved 425984K
}
Event: 31.299 GC heap after
{Heap after GC invocations=40 (full 0):
 garbage-first heap   total 225280K, used 104347K [0x0000000080000000, 0x0000000100000000)
  region size 1024K, 3 young (3072K), 3 survivors (3072K)
 Metaspace       used 82828K, committed 83840K, reserved 557056K
  class space    used 11608K, committed 12096K, reserved 425984K
}

